<?xml version="1.0" encoding="UTF-8"?>
<!-- Generated by org.testng.reporters.JUnitXMLReporter -->
<testsuite ignored="0" hostname="Revathi" failures="0" tests="12" name="Surefire test" time="12.265" errors="0" timestamp="2024-03-24T15:29:04 CET">
  <testcase classname="api.test.DDTests" name="testPostUsers" time="2.526"/>
  <testcase classname="api.test.DDTests" name="testPostUsers" time="0.615"/>
  <testcase classname="api.test.DDTests" name="testPostUsers" time="0.561"/>
  <testcase classname="api.test.DDTests" name="testPostUsers" time="0.599"/>
  <testcase classname="api.test.DDTests" name="testDeleteUsers" time="0.613"/>
  <testcase classname="api.test.DDTests" name="testDeleteUsers" time="0.602"/>
  <testcase classname="api.test.DDTests" name="testDeleteUsers" time="0.607"/>
  <testcase classname="api.test.DDTests" name="testDeleteUsers" time="0.554"/>
  <testcase classname="api.test.UserTests" name="testPostUser" time="0.61"/>
  <testcase classname="api.test.UserTests" name="testGetUserByName" time="0.554"/>
  <testcase classname="api.test.UserTests" name="testUpdateUserByName" time="1.749"/>
  <testcase classname="api.test.UserTests" name="testDeleteUserByName" time="0.58"/>
</testsuite> <!-- Surefire test -->
