<?xml version="1.0" encoding="UTF-8"?>
<!-- Generated by org.testng.reporters.JUnitXMLReporter -->
<testsuite ignored="0" hostname="Revathi" failures="0" tests="4" name="Default test" time="5.715" errors="0" timestamp="2024-03-24T14:55:23 CET">
  <testcase classname="api.test.UserTests2" name="testPostUser" time="2.007"/>
  <testcase classname="api.test.UserTests2" name="testGetUserByName" time="0.63"/>
  <testcase classname="api.test.UserTests2" name="testUpdateUserByName" time="1.78"/>
  <testcase classname="api.test.UserTests2" name="testDeleteUserByName" time="0.561"/>
</testsuite> <!-- Default test -->
