<?xml version="1.0" encoding="UTF-8"?>
<testng-results ignored="0" total="12" passed="12" failed="0" skipped="0">
  <reporter-output>
  </reporter-output>
  <suite started-at="2024-03-24T15:28:52 CET" name="Surefire suite" finished-at="2024-03-24T15:29:04 CET" duration-ms="12265">
    <groups>
    </groups>
    <test started-at="2024-03-24T15:28:52 CET" name="Surefire test" finished-at="2024-03-24T15:29:04 CET" duration-ms="12265">
      <class name="api.test.UserTests">
        <test-method is-config="true" signature="setup()[pri:0, instance:api.test.UserTests@229d10bd]" started-at="2024-03-24T15:29:00 CET" name="setup" finished-at="2024-03-24T15:29:00 CET" duration-ms="163" status="PASS">
          <reporter-output>
          </reporter-output>
        </test-method> <!-- setup -->
        <test-method signature="testPostUser()[pri:1, instance:api.test.UserTests@229d10bd]" started-at="2024-03-24T15:29:00 CET" name="testPostUser" finished-at="2024-03-24T15:29:01 CET" duration-ms="610" status="PASS">
          <reporter-output>
          </reporter-output>
        </test-method> <!-- testPostUser -->
        <test-method signature="testGetUserByName()[pri:2, instance:api.test.UserTests@229d10bd]" started-at="2024-03-24T15:29:01 CET" name="testGetUserByName" finished-at="2024-03-24T15:29:01 CET" duration-ms="554" status="PASS">
          <reporter-output>
          </reporter-output>
        </test-method> <!-- testGetUserByName -->
        <test-method signature="testUpdateUserByName()[pri:3, instance:api.test.UserTests@229d10bd]" started-at="2024-03-24T15:29:01 CET" name="testUpdateUserByName" finished-at="2024-03-24T15:29:03 CET" duration-ms="1749" status="PASS">
          <reporter-output>
          </reporter-output>
        </test-method> <!-- testUpdateUserByName -->
        <test-method signature="testDeleteUserByName()[pri:4, instance:api.test.UserTests@229d10bd]" started-at="2024-03-24T15:29:03 CET" name="testDeleteUserByName" finished-at="2024-03-24T15:29:04 CET" duration-ms="580" status="PASS">
          <reporter-output>
          </reporter-output>
        </test-method> <!-- testDeleteUserByName -->
      </class> <!-- api.test.UserTests -->
      <class name="api.test.DDTests">
        <test-method signature="testPostUsers(java.lang.String,java.lang.String,java.lang.String,java.lang.String,java.lang.String,java.lang.String,java.lang.String)[pri:1, instance:api.test.DDTests@13c10b87]" started-at="2024-03-24T15:28:53 CET" name="testPostUsers" data-provider="Data" finished-at="2024-03-24T15:28:56 CET" duration-ms="2526" status="PASS">
          <params>
            <param index="0">
              <value>
                <![CDATA[1010]]>
              </value>
            </param>
            <param index="1">
              <value>
                <![CDATA[testuser1]]>
              </value>
            </param>
            <param index="2">
              <value>
                <![CDATA[John]]>
              </value>
            </param>
            <param index="3">
              <value>
                <![CDATA[Canedy]]>
              </value>
            </param>
            <param index="4">
              <value>
                <![CDATA[test1@gmail.com]]>
              </value>
            </param>
            <param index="5">
              <value>
                <![CDATA[test@1]]>
              </value>
            </param>
            <param index="6">
              <value>
                <![CDATA[1231231231]]>
              </value>
            </param>
          </params>
          <reporter-output>
          </reporter-output>
        </test-method> <!-- testPostUsers -->
        <test-method signature="testPostUsers(java.lang.String,java.lang.String,java.lang.String,java.lang.String,java.lang.String,java.lang.String,java.lang.String)[pri:1, instance:api.test.DDTests@13c10b87]" started-at="2024-03-24T15:28:56 CET" name="testPostUsers" data-provider="Data" finished-at="2024-03-24T15:28:56 CET" duration-ms="615" status="PASS">
          <params>
            <param index="0">
              <value>
                <![CDATA[1020]]>
              </value>
            </param>
            <param index="1">
              <value>
                <![CDATA[testuser2]]>
              </value>
            </param>
            <param index="2">
              <value>
                <![CDATA[Kin]]>
              </value>
            </param>
            <param index="3">
              <value>
                <![CDATA[Kom]]>
              </value>
            </param>
            <param index="4">
              <value>
                <![CDATA[test2@gmail.com]]>
              </value>
            </param>
            <param index="5">
              <value>
                <![CDATA[test@2]]>
              </value>
            </param>
            <param index="6">
              <value>
                <![CDATA[1231231231]]>
              </value>
            </param>
          </params>
          <reporter-output>
          </reporter-output>
        </test-method> <!-- testPostUsers -->
        <test-method signature="testPostUsers(java.lang.String,java.lang.String,java.lang.String,java.lang.String,java.lang.String,java.lang.String,java.lang.String)[pri:1, instance:api.test.DDTests@13c10b87]" started-at="2024-03-24T15:28:56 CET" name="testPostUsers" data-provider="Data" finished-at="2024-03-24T15:28:57 CET" duration-ms="561" status="PASS">
          <params>
            <param index="0">
              <value>
                <![CDATA[1050]]>
              </value>
            </param>
            <param index="1">
              <value>
                <![CDATA[testuser3]]>
              </value>
            </param>
            <param index="2">
              <value>
                <![CDATA[Smith]]>
              </value>
            </param>
            <param index="3">
              <value>
                <![CDATA[Steve]]>
              </value>
            </param>
            <param index="4">
              <value>
                <![CDATA[test3@gmail.com]]>
              </value>
            </param>
            <param index="5">
              <value>
                <![CDATA[test@3]]>
              </value>
            </param>
            <param index="6">
              <value>
                <![CDATA[1231231231]]>
              </value>
            </param>
          </params>
          <reporter-output>
          </reporter-output>
        </test-method> <!-- testPostUsers -->
        <test-method signature="testPostUsers(java.lang.String,java.lang.String,java.lang.String,java.lang.String,java.lang.String,java.lang.String,java.lang.String)[pri:1, instance:api.test.DDTests@13c10b87]" started-at="2024-03-24T15:28:57 CET" name="testPostUsers" data-provider="Data" finished-at="2024-03-24T15:28:58 CET" duration-ms="599" status="PASS">
          <params>
            <param index="0">
              <value>
                <![CDATA[1060]]>
              </value>
            </param>
            <param index="1">
              <value>
                <![CDATA[testuser4]]>
              </value>
            </param>
            <param index="2">
              <value>
                <![CDATA[kim]]>
              </value>
            </param>
            <param index="3">
              <value>
                <![CDATA[kin]]>
              </value>
            </param>
            <param index="4">
              <value>
                <![CDATA[test4@gmail.com]]>
              </value>
            </param>
            <param index="5">
              <value>
                <![CDATA[test@4]]>
              </value>
            </param>
            <param index="6">
              <value>
                <![CDATA[1231231231]]>
              </value>
            </param>
          </params>
          <reporter-output>
          </reporter-output>
        </test-method> <!-- testPostUsers -->
        <test-method signature="testDeleteUsers(java.lang.String)[pri:2, instance:api.test.DDTests@13c10b87]" started-at="2024-03-24T15:28:58 CET" name="testDeleteUsers" data-provider="UserNames" finished-at="2024-03-24T15:28:58 CET" duration-ms="613" status="PASS">
          <params>
            <param index="0">
              <value>
                <![CDATA[testuser1]]>
              </value>
            </param>
          </params>
          <reporter-output>
          </reporter-output>
        </test-method> <!-- testDeleteUsers -->
        <test-method signature="testDeleteUsers(java.lang.String)[pri:2, instance:api.test.DDTests@13c10b87]" started-at="2024-03-24T15:28:58 CET" name="testDeleteUsers" data-provider="UserNames" finished-at="2024-03-24T15:28:59 CET" duration-ms="602" status="PASS">
          <params>
            <param index="0">
              <value>
                <![CDATA[testuser2]]>
              </value>
            </param>
          </params>
          <reporter-output>
          </reporter-output>
        </test-method> <!-- testDeleteUsers -->
        <test-method signature="testDeleteUsers(java.lang.String)[pri:2, instance:api.test.DDTests@13c10b87]" started-at="2024-03-24T15:28:59 CET" name="testDeleteUsers" data-provider="UserNames" finished-at="2024-03-24T15:29:00 CET" duration-ms="607" status="PASS">
          <params>
            <param index="0">
              <value>
                <![CDATA[testuser3]]>
              </value>
            </param>
          </params>
          <reporter-output>
          </reporter-output>
        </test-method> <!-- testDeleteUsers -->
        <test-method signature="testDeleteUsers(java.lang.String)[pri:2, instance:api.test.DDTests@13c10b87]" started-at="2024-03-24T15:29:00 CET" name="testDeleteUsers" data-provider="UserNames" finished-at="2024-03-24T15:29:00 CET" duration-ms="554" status="PASS">
          <params>
            <param index="0">
              <value>
                <![CDATA[testuser4]]>
              </value>
            </param>
          </params>
          <reporter-output>
          </reporter-output>
        </test-method> <!-- testDeleteUsers -->
      </class> <!-- api.test.DDTests -->
    </test> <!-- Surefire test -->
  </suite> <!-- Surefire suite -->
</testng-results>
