<?xml version="1.0" encoding="UTF-8"?>
<testng-results ignored="0" total="4" passed="4" failed="0" skipped="0">
  <reporter-output>
  </reporter-output>
  <suite started-at="2024-03-24T14:55:18 CET" name="Default suite" finished-at="2024-03-24T14:55:23 CET" duration-ms="5715">
    <groups>
    </groups>
    <test started-at="2024-03-24T14:55:18 CET" name="Default test" finished-at="2024-03-24T14:55:23 CET" duration-ms="5715">
      <class name="api.test.UserTests2">
        <test-method is-config="true" signature="setup()[pri:0, instance:api.test.UserTests2@2dc54ad4]" started-at="2024-03-24T14:55:18 CET" name="setup" finished-at="2024-03-24T14:55:18 CET" duration-ms="692" status="PASS">
          <reporter-output>
          </reporter-output>
        </test-method> <!-- setup -->
        <test-method signature="testPostUser()[pri:1, instance:api.test.UserTests2@2dc54ad4]" started-at="2024-03-24T14:55:18 CET" name="testPostUser" finished-at="2024-03-24T14:55:20 CET" duration-ms="2007" status="PASS">
          <reporter-output>
          </reporter-output>
        </test-method> <!-- testPostUser -->
        <test-method signature="testGetUserByName()[pri:2, instance:api.test.UserTests2@2dc54ad4]" started-at="2024-03-24T14:55:20 CET" name="testGetUserByName" finished-at="2024-03-24T14:55:21 CET" duration-ms="630" status="PASS">
          <reporter-output>
          </reporter-output>
        </test-method> <!-- testGetUserByName -->
        <test-method signature="testUpdateUserByName()[pri:3, instance:api.test.UserTests2@2dc54ad4]" started-at="2024-03-24T14:55:21 CET" name="testUpdateUserByName" finished-at="2024-03-24T14:55:23 CET" duration-ms="1780" status="PASS">
          <reporter-output>
          </reporter-output>
        </test-method> <!-- testUpdateUserByName -->
        <test-method signature="testDeleteUserByName()[pri:4, instance:api.test.UserTests2@2dc54ad4]" started-at="2024-03-24T14:55:23 CET" name="testDeleteUserByName" finished-at="2024-03-24T14:55:23 CET" duration-ms="561" status="PASS">
          <reporter-output>
          </reporter-output>
        </test-method> <!-- testDeleteUserByName -->
      </class> <!-- api.test.UserTests2 -->
    </test> <!-- Default test -->
  </suite> <!-- Default suite -->
</testng-results>
